[1.012s] Invoking command in '/home/et2020045/ros2_ws/src/robot_driver': PYTHONPATH=/home/et2020045/ros2_ws/build/robot_driver/prefix_override:/usr/lib/python3/dist-packages/colcon_core/task/python/colcon_distutils_commands:/home/et2020045/ros2_ws/install/robot_driver/lib/python3.12/site-packages:${PYTHONPATH} /usr/bin/python3 -W ignore:setup.py install is deprecated -W ignore:easy_install command is deprecated setup.py egg_info --egg-base ../../build/robot_driver build --build-base /home/et2020045/ros2_ws/build/robot_driver/build install --record /home/et2020045/ros2_ws/build/robot_driver/install.log --single-version-externally-managed install_data
[1.311s] running egg_info
[1.311s] creating ../../build/robot_driver/robot_driver.egg-info
[1.329s] writing ../../build/robot_driver/robot_driver.egg-info/PKG-INFO
[1.330s] writing dependency_links to ../../build/robot_driver/robot_driver.egg-info/dependency_links.txt
[1.330s] writing entry points to ../../build/robot_driver/robot_driver.egg-info/entry_points.txt
[1.330s] writing requirements to ../../build/robot_driver/robot_driver.egg-info/requires.txt
[1.330s] writing top-level names to ../../build/robot_driver/robot_driver.egg-info/top_level.txt
[1.330s] writing manifest file '../../build/robot_driver/robot_driver.egg-info/SOURCES.txt'
[1.368s] reading manifest file '../../build/robot_driver/robot_driver.egg-info/SOURCES.txt'
[1.369s] writing manifest file '../../build/robot_driver/robot_driver.egg-info/SOURCES.txt'
[1.369s] running build
[1.369s] running build_py
[1.369s] creating /home/et2020045/ros2_ws/build/robot_driver/build
[1.369s] creating /home/et2020045/ros2_ws/build/robot_driver/build/lib
[1.370s] creating /home/et2020045/ros2_ws/build/robot_driver/build/lib/robot_driver
[1.370s] copying robot_driver/motor_controller.py -> /home/et2020045/ros2_ws/build/robot_driver/build/lib/robot_driver
[1.370s] copying robot_driver/__init__.py -> /home/et2020045/ros2_ws/build/robot_driver/build/lib/robot_driver
[1.370s] running install
[1.379s] running install_lib
[1.398s] creating /home/et2020045/ros2_ws/install/robot_driver/lib/python3.12/site-packages/robot_driver
[1.398s] copying /home/et2020045/ros2_ws/build/robot_driver/build/lib/robot_driver/motor_controller.py -> /home/et2020045/ros2_ws/install/robot_driver/lib/python3.12/site-packages/robot_driver
[1.398s] copying /home/et2020045/ros2_ws/build/robot_driver/build/lib/robot_driver/__init__.py -> /home/et2020045/ros2_ws/install/robot_driver/lib/python3.12/site-packages/robot_driver
[1.399s] byte-compiling /home/et2020045/ros2_ws/install/robot_driver/lib/python3.12/site-packages/robot_driver/motor_controller.py to motor_controller.cpython-312.pyc
[1.400s] byte-compiling /home/et2020045/ros2_ws/install/robot_driver/lib/python3.12/site-packages/robot_driver/__init__.py to __init__.cpython-312.pyc
[1.401s] running install_data
[1.401s] creating /home/et2020045/ros2_ws/install/robot_driver/share/ament_index
[1.401s] creating /home/et2020045/ros2_ws/install/robot_driver/share/ament_index/resource_index
[1.401s] creating /home/et2020045/ros2_ws/install/robot_driver/share/ament_index/resource_index/packages
[1.401s] copying resource/robot_driver -> /home/et2020045/ros2_ws/install/robot_driver/share/ament_index/resource_index/packages
[1.401s] copying package.xml -> /home/et2020045/ros2_ws/install/robot_driver/share/robot_driver
[1.402s] creating /home/et2020045/ros2_ws/install/robot_driver/share/robot_driver/launch
[1.402s] copying launch/robot_bringup.launch.py -> /home/et2020045/ros2_ws/install/robot_driver/share/robot_driver/launch
[1.402s] running install_egg_info
[1.423s] Copying ../../build/robot_driver/robot_driver.egg-info to /home/et2020045/ros2_ws/install/robot_driver/lib/python3.12/site-packages/robot_driver-0.0.0-py3.12.egg-info
[1.424s] running install_scripts
[1.563s] Installing motor_controller script to /home/et2020045/ros2_ws/install/robot_driver/lib/robot_driver
[1.563s] writing list of installed files to '/home/et2020045/ros2_ws/build/robot_driver/install.log'
[1.638s] Invoked command in '/home/et2020045/ros2_ws/src/robot_driver' returned '0': PYTHONPATH=/home/et2020045/ros2_ws/build/robot_driver/prefix_override:/usr/lib/python3/dist-packages/colcon_core/task/python/colcon_distutils_commands:/home/et2020045/ros2_ws/install/robot_driver/lib/python3.12/site-packages:${PYTHONPATH} /usr/bin/python3 -W ignore:setup.py install is deprecated -W ignore:easy_install command is deprecated setup.py egg_info --egg-base ../../build/robot_driver build --build-base /home/et2020045/ros2_ws/build/robot_driver/build install --record /home/et2020045/ros2_ws/build/robot_driver/install.log --single-version-externally-managed install_data
