[0.025s] Invoking command in '/home/et2020045/ros2_ws/build/rplidar_ros': /usr/bin/cmake /home/et2020045/ros2_ws/src/rplidar_ros -DAMENT_CMAKE_SYMLINK_INSTALL=1 -DCMAKE_INSTALL_PREFIX=/home/et2020045/ros2_ws/install/rplidar_ros
[0.199s] -- Found ament_cmake: 2.5.6 (/opt/ros/jazzy/share/ament_cmake/cmake)
[10.453s] Traceback (most recent call last):
[10.453s]   File "/opt/ros/jazzy/share/ament_cmake_core/cmake/package_templates/templates_2_cmake.py", line 21, in <module>
[10.453s]     from ament_package.templates import get_environment_hook_template_path
[10.453s] ModuleNotFoundError: No module named 'ament_package'
[10.526s] [31mCMake Error at /opt/ros/jazzy/share/ament_cmake_core/cmake/ament_cmake_package_templates-extras.cmake:41 (message):
[10.526s]   execute_process(/usr/bin/python3
[10.526s]   /opt/ros/jazzy/share/ament_cmake_core/cmake/package_templates/templates_2_cmake.py
[10.526s]   /home/et2020045/ros2_ws/build/rplidar_ros/ament_cmake_package_templates/templates.cmake)
[10.526s]   returned error code 1
[10.527s] Call Stack (most recent call first):
[10.527s]   /opt/ros/jazzy/share/ament_cmake_core/cmake/ament_cmake_coreConfig.cmake:41 (include)
[10.527s]   /opt/ros/jazzy/share/ament_cmake/cmake/ament_cmake_export_dependencies-extras.cmake:15 (find_package)
[10.527s]   /opt/ros/jazzy/share/ament_cmake/cmake/ament_cmakeConfig.cmake:41 (include)
[10.527s]   CMakeLists.txt:45 (find_package)
[10.527s] 
[10.527s] [0m
[10.527s] -- Configuring incomplete, errors occurred!
[10.537s] Invoked command in '/home/et2020045/ros2_ws/build/rplidar_ros' returned '1': /usr/bin/cmake /home/et2020045/ros2_ws/src/rplidar_ros -DAMENT_CMAKE_SYMLINK_INSTALL=1 -DCMAKE_INSTALL_PREFIX=/home/et2020045/ros2_ws/install/rplidar_ros
