[1.023s] Invoking command in '/home/et2020045/ros2_ws/src/robot_driver': PYTHONPATH=/home/et2020045/ros2_ws/build/robot_driver/prefix_override:/usr/lib/python3/dist-packages/colcon_core/task/python/colcon_distutils_commands:/home/et2020045/ros2_ws/install/robot_driver/lib/python3.12/site-packages:${PYTHONPATH} /usr/bin/python3 -W ignore:setup.py install is deprecated -W ignore:easy_install command is deprecated setup.py egg_info --egg-base ../../build/robot_driver build --build-base /home/et2020045/ros2_ws/build/robot_driver/build install --record /home/et2020045/ros2_ws/build/robot_driver/install.log --single-version-externally-managed install_data
[1.328s] running egg_info
[1.347s] writing ../../build/robot_driver/robot_driver.egg-info/PKG-INFO
[1.347s] writing dependency_links to ../../build/robot_driver/robot_driver.egg-info/dependency_links.txt
[1.348s] writing entry points to ../../build/robot_driver/robot_driver.egg-info/entry_points.txt
[1.349s] writing requirements to ../../build/robot_driver/robot_driver.egg-info/requires.txt
[1.349s] writing top-level names to ../../build/robot_driver/robot_driver.egg-info/top_level.txt
[1.390s] reading manifest file '../../build/robot_driver/robot_driver.egg-info/SOURCES.txt'
[1.391s] writing manifest file '../../build/robot_driver/robot_driver.egg-info/SOURCES.txt'
[1.391s] running build
[1.391s] running build_py
[1.391s] copying robot_driver/motor_controller.py -> /home/et2020045/ros2_ws/build/robot_driver/build/lib/robot_driver
[1.392s] running install
[1.401s] running install_lib
[1.420s] copying /home/et2020045/ros2_ws/build/robot_driver/build/lib/robot_driver/motor_controller.py -> /home/et2020045/ros2_ws/install/robot_driver/lib/python3.12/site-packages/robot_driver
[1.421s] byte-compiling /home/et2020045/ros2_ws/install/robot_driver/lib/python3.12/site-packages/robot_driver/motor_controller.py to motor_controller.cpython-312.pyc
[1.422s] running install_data
[1.422s] running install_egg_info
[1.443s] removing '/home/et2020045/ros2_ws/install/robot_driver/lib/python3.12/site-packages/robot_driver-0.0.0-py3.12.egg-info' (and everything under it)
[1.444s] Copying ../../build/robot_driver/robot_driver.egg-info to /home/et2020045/ros2_ws/install/robot_driver/lib/python3.12/site-packages/robot_driver-0.0.0-py3.12.egg-info
[1.445s] running install_scripts
[1.585s] Installing motor_controller script to /home/et2020045/ros2_ws/install/robot_driver/lib/robot_driver
[1.586s] writing list of installed files to '/home/et2020045/ros2_ws/build/robot_driver/install.log'
[1.662s] Invoked command in '/home/et2020045/ros2_ws/src/robot_driver' returned '0': PYTHONPATH=/home/et2020045/ros2_ws/build/robot_driver/prefix_override:/usr/lib/python3/dist-packages/colcon_core/task/python/colcon_distutils_commands:/home/et2020045/ros2_ws/install/robot_driver/lib/python3.12/site-packages:${PYTHONPATH} /usr/bin/python3 -W ignore:setup.py install is deprecated -W ignore:easy_install command is deprecated setup.py egg_info --egg-base ../../build/robot_driver build --build-base /home/et2020045/ros2_ws/build/robot_driver/build install --record /home/et2020045/ros2_ws/build/robot_driver/install.log --single-version-externally-managed install_data
