[1.055s] Invoking command in '/home/et2020045/ros2_ws/src/robot_driver': PYTHONPATH=/home/et2020045/ros2_ws/build/robot_driver/prefix_override:/usr/lib/python3/dist-packages/colcon_core/task/python/colcon_distutils_commands:/home/et2020045/ros2_ws/install/robot_driver/lib/python3.12/site-packages:${PYTHONPATH} /usr/bin/python3 -W ignore:setup.py install is deprecated -W ignore:easy_install command is deprecated setup.py egg_info --egg-base ../../build/robot_driver build --build-base /home/et2020045/ros2_ws/build/robot_driver/build install --record /home/et2020045/ros2_ws/build/robot_driver/install.log --single-version-externally-managed install_data
[1.362s] running egg_info
[1.381s] writing ../../build/robot_driver/robot_driver.egg-info/PKG-INFO
[1.382s] writing dependency_links to ../../build/robot_driver/robot_driver.egg-info/dependency_links.txt
[1.382s] writing entry points to ../../build/robot_driver/robot_driver.egg-info/entry_points.txt
[1.383s] writing requirements to ../../build/robot_driver/robot_driver.egg-info/requires.txt
[1.384s] writing top-level names to ../../build/robot_driver/robot_driver.egg-info/top_level.txt
[1.425s] reading manifest file '../../build/robot_driver/robot_driver.egg-info/SOURCES.txt'
[1.426s] writing manifest file '../../build/robot_driver/robot_driver.egg-info/SOURCES.txt'
[1.426s] running build
[1.427s] running build_py
[1.427s] running install
[1.436s] running install_lib
[1.457s] running install_data
[1.457s] running install_egg_info
[1.479s] removing '/home/et2020045/ros2_ws/install/robot_driver/lib/python3.12/site-packages/robot_driver-0.0.0-py3.12.egg-info' (and everything under it)
[1.479s] Copying ../../build/robot_driver/robot_driver.egg-info to /home/et2020045/ros2_ws/install/robot_driver/lib/python3.12/site-packages/robot_driver-0.0.0-py3.12.egg-info
[1.481s] running install_scripts
[1.625s] Installing motor_controller script to /home/et2020045/ros2_ws/install/robot_driver/lib/robot_driver
[1.625s] Installing odom_publisher script to /home/et2020045/ros2_ws/install/robot_driver/lib/robot_driver
[1.626s] writing list of installed files to '/home/et2020045/ros2_ws/build/robot_driver/install.log'
[1.702s] Invoked command in '/home/et2020045/ros2_ws/src/robot_driver' returned '0': PYTHONPATH=/home/et2020045/ros2_ws/build/robot_driver/prefix_override:/usr/lib/python3/dist-packages/colcon_core/task/python/colcon_distutils_commands:/home/et2020045/ros2_ws/install/robot_driver/lib/python3.12/site-packages:${PYTHONPATH} /usr/bin/python3 -W ignore:setup.py install is deprecated -W ignore:easy_install command is deprecated setup.py egg_info --egg-base ../../build/robot_driver build --build-base /home/et2020045/ros2_ws/build/robot_driver/build install --record /home/et2020045/ros2_ws/build/robot_driver/install.log --single-version-externally-managed install_data
