[1.019s] Invoking command in '/home/et2020045/ros2_ws/src/robot_driver': PYTHONPATH=/home/et2020045/ros2_ws/build/robot_driver/prefix_override:/usr/lib/python3/dist-packages/colcon_core/task/python/colcon_distutils_commands:/home/et2020045/ros2_ws/install/robot_driver/lib/python3.12/site-packages:${PYTHONPATH} /usr/bin/python3 -W ignore:setup.py install is deprecated -W ignore:easy_install command is deprecated setup.py egg_info --egg-base ../../build/robot_driver build --build-base /home/et2020045/ros2_ws/build/robot_driver/build install --record /home/et2020045/ros2_ws/build/robot_driver/install.log --single-version-externally-managed install_data
[1.320s] running egg_info
[1.338s] writing ../../build/robot_driver/robot_driver.egg-info/PKG-INFO
[1.338s] writing dependency_links to ../../build/robot_driver/robot_driver.egg-info/dependency_links.txt
[1.339s] writing entry points to ../../build/robot_driver/robot_driver.egg-info/entry_points.txt
[1.340s] writing requirements to ../../build/robot_driver/robot_driver.egg-info/requires.txt
[1.341s] writing top-level names to ../../build/robot_driver/robot_driver.egg-info/top_level.txt
[1.380s] reading manifest file '../../build/robot_driver/robot_driver.egg-info/SOURCES.txt'
[1.381s] writing manifest file '../../build/robot_driver/robot_driver.egg-info/SOURCES.txt'
[1.381s] running build
[1.381s] running build_py
[1.381s] copying robot_driver/motor_controller.py -> /home/et2020045/ros2_ws/build/robot_driver/build/lib/robot_driver
[1.382s] running install
[1.391s] running install_lib
[1.410s] copying /home/et2020045/ros2_ws/build/robot_driver/build/lib/robot_driver/motor_controller.py -> /home/et2020045/ros2_ws/install/robot_driver/lib/python3.12/site-packages/robot_driver
[1.411s] byte-compiling /home/et2020045/ros2_ws/install/robot_driver/lib/python3.12/site-packages/robot_driver/motor_controller.py to motor_controller.cpython-312.pyc
[1.412s] running install_data
[1.412s] running install_egg_info
[1.433s] removing '/home/et2020045/ros2_ws/install/robot_driver/lib/python3.12/site-packages/robot_driver-0.0.0-py3.12.egg-info' (and everything under it)
[1.434s] Copying ../../build/robot_driver/robot_driver.egg-info to /home/et2020045/ros2_ws/install/robot_driver/lib/python3.12/site-packages/robot_driver-0.0.0-py3.12.egg-info
[1.435s] running install_scripts
[1.575s] Installing motor_controller script to /home/et2020045/ros2_ws/install/robot_driver/lib/robot_driver
[1.575s] writing list of installed files to '/home/et2020045/ros2_ws/build/robot_driver/install.log'
[1.653s] Invoked command in '/home/et2020045/ros2_ws/src/robot_driver' returned '0': PYTHONPATH=/home/et2020045/ros2_ws/build/robot_driver/prefix_override:/usr/lib/python3/dist-packages/colcon_core/task/python/colcon_distutils_commands:/home/et2020045/ros2_ws/install/robot_driver/lib/python3.12/site-packages:${PYTHONPATH} /usr/bin/python3 -W ignore:setup.py install is deprecated -W ignore:easy_install command is deprecated setup.py egg_info --egg-base ../../build/robot_driver build --build-base /home/et2020045/ros2_ws/build/robot_driver/build install --record /home/et2020045/ros2_ws/build/robot_driver/install.log --single-version-externally-managed install_data
