running egg_info
writing ../../build/robot_driver/robot_driver.egg-info/PKG-INFO
writing dependency_links to ../../build/robot_driver/robot_driver.egg-info/dependency_links.txt
writing entry points to ../../build/robot_driver/robot_driver.egg-info/entry_points.txt
writing requirements to ../../build/robot_driver/robot_driver.egg-info/requires.txt
writing top-level names to ../../build/robot_driver/robot_driver.egg-info/top_level.txt
reading manifest file '../../build/robot_driver/robot_driver.egg-info/SOURCES.txt'
writing manifest file '../../build/robot_driver/robot_driver.egg-info/SOURCES.txt'
running build
running build_py
copying robot_driver/motor_controller.py -> /home/et2020045/ros2_ws/build/robot_driver/build/lib/robot_driver
running install
running install_lib
copying /home/et2020045/ros2_ws/build/robot_driver/build/lib/robot_driver/motor_controller.py -> /home/et2020045/ros2_ws/install/robot_driver/lib/python3.12/site-packages/robot_driver
byte-compiling /home/et2020045/ros2_ws/install/robot_driver/lib/python3.12/site-packages/robot_driver/motor_controller.py to motor_controller.cpython-312.pyc
Sorry: IndentationError: unexpected indent (motor_controller.py, line 1)
running install_data
running install_egg_info
removing '/home/et2020045/ros2_ws/install/robot_driver/lib/python3.12/site-packages/robot_driver-0.0.0-py3.12.egg-info' (and everything under it)
Copying ../../build/robot_driver/robot_driver.egg-info to /home/et2020045/ros2_ws/install/robot_driver/lib/python3.12/site-packages/robot_driver-0.0.0-py3.12.egg-info
running install_scripts
Installing motor_controller script to /home/et2020045/ros2_ws/install/robot_driver/lib/robot_driver
writing list of installed files to '/home/et2020045/ros2_ws/build/robot_driver/install.log'
