[0.016s] Invoking command in '/home/et2020045/ros2_ws/build/rplidar_ros': /usr/bin/cmake /home/et2020045/ros2_ws/src/rplidar_ros -DCATKIN_INSTALL_INTO_PREFIX_ROOT=0 -DCMAKE_INSTALL_PREFIX=/home/et2020045/ros2_ws/install/rplidar_ros
[0.030s] [0mCMake Deprecation Warning at CMakeLists.txt:1 (cmake_minimum_required):
[0.031s]   Compatibility with CMake < 3.5 will be removed from a future version of
[0.031s]   CMake.
[0.031s] 
[0.031s]   Update the VERSION argument <min> value or use a ...<max> suffix to tell
[0.031s]   CMake that the project does not need compatibility with older versions.
[0.031s] 
[0.031s] [0m
[0.132s] -- The CXX compiler identification is GNU 13.3.0
[0.158s] -- Detecting CXX compiler ABI info
[0.328s] -- Detecting CXX compiler ABI info - done
[0.346s] -- Check for working CXX compiler: /usr/bin/c++ - skipped
[0.346s] -- Detecting CXX compile features
[0.347s] -- Detecting CXX compile features - done
[0.356s] [31mCMake Error at CMakeLists.txt:16 (find_package):
[0.356s]   By not providing "Findcatkin.cmake" in CMAKE_MODULE_PATH this project has
[0.356s]   asked CMake to find a package configuration file provided by "catkin", but
[0.357s]   CMake did not find one.
[0.357s] 
[0.357s]   Could not find a package configuration file provided by "catkin" with any
[0.357s]   of the following names:
[0.357s] 
[0.357s]     catkinConfig.cmake
[0.357s]     catkin-config.cmake
[0.357s] 
[0.357s]   Add the installation prefix of "catkin" to CMAKE_PREFIX_PATH or set
[0.357s]   "catkin_DIR" to a directory containing one of the above files.  If "catkin"
[0.357s]   provides a separate development package or SDK, be sure it has been
[0.357s]   installed.
[0.357s] 
[0.358s] [0m
[0.358s] -- Configuring incomplete, errors occurred!
[0.363s] Invoked command in '/home/et2020045/ros2_ws/build/rplidar_ros' returned '1': /usr/bin/cmake /home/et2020045/ros2_ws/src/rplidar_ros -DCATKIN_INSTALL_INTO_PREFIX_ROOT=0 -DCMAKE_INSTALL_PREFIX=/home/et2020045/ros2_ws/install/rplidar_ros
