[1.425s] Invoking command in '/home/et2020045/ros2_ws/src/robot_driver': PYTHONPATH=/home/et2020045/ros2_ws/build/robot_driver/prefix_override:/usr/lib/python3/dist-packages/colcon_core/task/python/colcon_distutils_commands:/home/et2020045/ros2_ws/install/robot_driver/lib/python3.12/site-packages:${PYTHONPATH} /usr/bin/python3 -W ignore:setup.py install is deprecated -W ignore:easy_install command is deprecated setup.py egg_info --egg-base ../../build/robot_driver build --build-base /home/et2020045/ros2_ws/build/robot_driver/build install --record /home/et2020045/ros2_ws/build/robot_driver/install.log --single-version-externally-managed install_data
[1.723s] running egg_info
[1.724s] creating ../../build/robot_driver/robot_driver.egg-info
[1.742s] writing ../../build/robot_driver/robot_driver.egg-info/PKG-INFO
[1.742s] writing dependency_links to ../../build/robot_driver/robot_driver.egg-info/dependency_links.txt
[1.742s] writing entry points to ../../build/robot_driver/robot_driver.egg-info/entry_points.txt
[1.742s] writing requirements to ../../build/robot_driver/robot_driver.egg-info/requires.txt
[1.743s] writing top-level names to ../../build/robot_driver/robot_driver.egg-info/top_level.txt
[1.743s] writing manifest file '../../build/robot_driver/robot_driver.egg-info/SOURCES.txt'
[1.780s] reading manifest file '../../build/robot_driver/robot_driver.egg-info/SOURCES.txt'
[1.781s] writing manifest file '../../build/robot_driver/robot_driver.egg-info/SOURCES.txt'
[1.781s] running build
[1.781s] running build_py
[1.782s] creating /home/et2020045/ros2_ws/build/robot_driver/build
[1.782s] creating /home/et2020045/ros2_ws/build/robot_driver/build/lib
[1.782s] creating /home/et2020045/ros2_ws/build/robot_driver/build/lib/robot_driver
[1.782s] copying robot_driver/motor_controller.py -> /home/et2020045/ros2_ws/build/robot_driver/build/lib/robot_driver
[1.782s] copying robot_driver/__init__.py -> /home/et2020045/ros2_ws/build/robot_driver/build/lib/robot_driver
[1.782s] running install
[1.791s] running install_lib
[1.810s] creating /home/et2020045/ros2_ws/install/robot_driver/lib/python3.12/site-packages/robot_driver
[1.810s] copying /home/et2020045/ros2_ws/build/robot_driver/build/lib/robot_driver/motor_controller.py -> /home/et2020045/ros2_ws/install/robot_driver/lib/python3.12/site-packages/robot_driver
[1.811s] copying /home/et2020045/ros2_ws/build/robot_driver/build/lib/robot_driver/__init__.py -> /home/et2020045/ros2_ws/install/robot_driver/lib/python3.12/site-packages/robot_driver
[1.811s] byte-compiling /home/et2020045/ros2_ws/install/robot_driver/lib/python3.12/site-packages/robot_driver/motor_controller.py to motor_controller.cpython-312.pyc
[1.813s] byte-compiling /home/et2020045/ros2_ws/install/robot_driver/lib/python3.12/site-packages/robot_driver/__init__.py to __init__.cpython-312.pyc
[1.813s] running install_data
[1.813s] creating /home/et2020045/ros2_ws/install/robot_driver/share/ament_index
[1.813s] creating /home/et2020045/ros2_ws/install/robot_driver/share/ament_index/resource_index
[1.813s] creating /home/et2020045/ros2_ws/install/robot_driver/share/ament_index/resource_index/packages
[1.813s] copying resource/robot_driver -> /home/et2020045/ros2_ws/install/robot_driver/share/ament_index/resource_index/packages
[1.813s] copying package.xml -> /home/et2020045/ros2_ws/install/robot_driver/share/robot_driver
[1.814s] running install_egg_info
[1.834s] Copying ../../build/robot_driver/robot_driver.egg-info to /home/et2020045/ros2_ws/install/robot_driver/lib/python3.12/site-packages/robot_driver-0.0.0-py3.12.egg-info
[1.835s] running install_scripts
[1.974s] Installing motor_controller script to /home/et2020045/ros2_ws/install/robot_driver/lib/robot_driver
[1.974s] writing list of installed files to '/home/et2020045/ros2_ws/build/robot_driver/install.log'
[2.051s] Invoked command in '/home/et2020045/ros2_ws/src/robot_driver' returned '0': PYTHONPATH=/home/et2020045/ros2_ws/build/robot_driver/prefix_override:/usr/lib/python3/dist-packages/colcon_core/task/python/colcon_distutils_commands:/home/et2020045/ros2_ws/install/robot_driver/lib/python3.12/site-packages:${PYTHONPATH} /usr/bin/python3 -W ignore:setup.py install is deprecated -W ignore:easy_install command is deprecated setup.py egg_info --egg-base ../../build/robot_driver build --build-base /home/et2020045/ros2_ws/build/robot_driver/build install --record /home/et2020045/ros2_ws/build/robot_driver/install.log --single-version-externally-managed install_data
