[0.014s] Invoking command in '/home/et2020045/ros2_ws/build/rplidar_ros': /usr/bin/cmake /home/et2020045/ros2_ws/src/rplidar_ros -DCATKIN_INSTALL_INTO_PREFIX_ROOT=0 -DCMAKE_INSTALL_PREFIX=/home/et2020045/ros2_ws/install/rplidar_ros
[0.028s] [0mCMake Deprecation Warning at CMakeLists.txt:1 (cmake_minimum_required):
[0.028s]   Compatibility with CMake < 3.5 will be removed from a future version of
[0.028s]   CMake.
[0.028s] 
[0.028s]   Update the VERSION argument <min> value or use a ...<max> suffix to tell
[0.028s]   CMake that the project does not need compatibility with older versions.
[0.028s] 
[0.029s] [0m
[0.222s] -- The CXX compiler identification is unknown
[0.229s] [31mCMake Error at CMakeLists.txt:2 (project):
[0.229s]   No CMAKE_CXX_COMPILER could be found.
[0.229s] 
[0.229s]   Tell CMake where to find the compiler by setting either the environment
[0.229s]   variable "CXX" or the CMake cache entry CMAKE_CXX_COMPILER to the full path
[0.229s]   to the compiler, or to the compiler name if it is in the PATH.
[0.229s] 
[0.229s] [0m
[0.231s] -- Configuring incomplete, errors occurred!
[0.248s] Invoked command in '/home/et2020045/ros2_ws/build/rplidar_ros' returned '1': /usr/bin/cmake /home/et2020045/ros2_ws/src/rplidar_ros -DCATKIN_INSTALL_INTO_PREFIX_ROOT=0 -DCMAKE_INSTALL_PREFIX=/home/et2020045/ros2_ws/install/rplidar_ros
