[1.024s] Invoking command in '/home/et2020045/ros2_ws/src/robot_driver': PYTHONPATH=/home/et2020045/ros2_ws/build/robot_driver/prefix_override:/usr/lib/python3/dist-packages/colcon_core/task/python/colcon_distutils_commands:/home/et2020045/ros2_ws/install/robot_driver/lib/python3.12/site-packages:${PYTHONPATH} /usr/bin/python3 -W ignore:setup.py install is deprecated -W ignore:easy_install command is deprecated setup.py egg_info --egg-base ../../build/robot_driver build --build-base /home/et2020045/ros2_ws/build/robot_driver/build install --record /home/et2020045/ros2_ws/build/robot_driver/install.log --single-version-externally-managed install_data
[1.326s] running egg_info
[1.345s] writing ../../build/robot_driver/robot_driver.egg-info/PKG-INFO
[1.345s] writing dependency_links to ../../build/robot_driver/robot_driver.egg-info/dependency_links.txt
[1.346s] writing entry points to ../../build/robot_driver/robot_driver.egg-info/entry_points.txt
[1.347s] writing requirements to ../../build/robot_driver/robot_driver.egg-info/requires.txt
[1.347s] writing top-level names to ../../build/robot_driver/robot_driver.egg-info/top_level.txt
[1.387s] reading manifest file '../../build/robot_driver/robot_driver.egg-info/SOURCES.txt'
[1.388s] writing manifest file '../../build/robot_driver/robot_driver.egg-info/SOURCES.txt'
[1.388s] running build
[1.388s] running build_py
[1.388s] copying robot_driver/motor_controller.py -> /home/et2020045/ros2_ws/build/robot_driver/build/lib/robot_driver
[1.389s] running install
[1.398s] running install_lib
[1.417s] copying /home/et2020045/ros2_ws/build/robot_driver/build/lib/robot_driver/motor_controller.py -> /home/et2020045/ros2_ws/install/robot_driver/lib/python3.12/site-packages/robot_driver
[1.418s] byte-compiling /home/et2020045/ros2_ws/install/robot_driver/lib/python3.12/site-packages/robot_driver/motor_controller.py to motor_controller.cpython-312.pyc
[1.419s] running install_data
[1.420s] running install_egg_info
[1.440s] removing '/home/et2020045/ros2_ws/install/robot_driver/lib/python3.12/site-packages/robot_driver-0.0.0-py3.12.egg-info' (and everything under it)
[1.441s] Copying ../../build/robot_driver/robot_driver.egg-info to /home/et2020045/ros2_ws/install/robot_driver/lib/python3.12/site-packages/robot_driver-0.0.0-py3.12.egg-info
[1.442s] running install_scripts
[1.583s] Installing motor_controller script to /home/et2020045/ros2_ws/install/robot_driver/lib/robot_driver
[1.583s] writing list of installed files to '/home/et2020045/ros2_ws/build/robot_driver/install.log'
[1.660s] Invoked command in '/home/et2020045/ros2_ws/src/robot_driver' returned '0': PYTHONPATH=/home/et2020045/ros2_ws/build/robot_driver/prefix_override:/usr/lib/python3/dist-packages/colcon_core/task/python/colcon_distutils_commands:/home/et2020045/ros2_ws/install/robot_driver/lib/python3.12/site-packages:${PYTHONPATH} /usr/bin/python3 -W ignore:setup.py install is deprecated -W ignore:easy_install command is deprecated setup.py egg_info --egg-base ../../build/robot_driver build --build-base /home/et2020045/ros2_ws/build/robot_driver/build install --record /home/et2020045/ros2_ws/build/robot_driver/install.log --single-version-externally-managed install_data
