[1.482s] Invoking command in '/home/et2020045/ros2_ws/src/robot_driver': PYTHONPATH=/home/et2020045/ros2_ws/build/robot_driver/prefix_override:/usr/lib/python3/dist-packages/colcon_core/task/python/colcon_distutils_commands:/home/et2020045/ros2_ws/install/robot_driver/lib/python3.12/site-packages:${PYTHONPATH} /usr/bin/python3 -W ignore:setup.py install is deprecated -W ignore:easy_install command is deprecated setup.py egg_info --egg-base ../../build/robot_driver build --build-base /home/et2020045/ros2_ws/build/robot_driver/build install --record /home/et2020045/ros2_ws/build/robot_driver/install.log --single-version-externally-managed install_data
[1.794s] running egg_info
[1.814s] writing ../../build/robot_driver/robot_driver.egg-info/PKG-INFO
[1.815s] writing dependency_links to ../../build/robot_driver/robot_driver.egg-info/dependency_links.txt
[1.816s] writing entry points to ../../build/robot_driver/robot_driver.egg-info/entry_points.txt
[1.816s] writing requirements to ../../build/robot_driver/robot_driver.egg-info/requires.txt
[1.817s] writing top-level names to ../../build/robot_driver/robot_driver.egg-info/top_level.txt
[1.860s] reading manifest file '../../build/robot_driver/robot_driver.egg-info/SOURCES.txt'
[1.861s] writing manifest file '../../build/robot_driver/robot_driver.egg-info/SOURCES.txt'
[1.862s] running build
[1.862s] running build_py
[1.863s] copying robot_driver/odom_publisher.py -> /home/et2020045/ros2_ws/build/robot_driver/build/lib/robot_driver
[1.864s] running install
[1.873s] running install_lib
[1.895s] copying /home/et2020045/ros2_ws/build/robot_driver/build/lib/robot_driver/odom_publisher.py -> /home/et2020045/ros2_ws/install/robot_driver/lib/python3.12/site-packages/robot_driver
[1.896s] byte-compiling /home/et2020045/ros2_ws/install/robot_driver/lib/python3.12/site-packages/robot_driver/odom_publisher.py to odom_publisher.cpython-312.pyc
[1.897s] running install_data
[1.897s] running install_egg_info
[1.919s] removing '/home/et2020045/ros2_ws/install/robot_driver/lib/python3.12/site-packages/robot_driver-0.0.0-py3.12.egg-info' (and everything under it)
[1.920s] Copying ../../build/robot_driver/robot_driver.egg-info to /home/et2020045/ros2_ws/install/robot_driver/lib/python3.12/site-packages/robot_driver-0.0.0-py3.12.egg-info
[1.922s] running install_scripts
[2.069s] Installing motor_controller script to /home/et2020045/ros2_ws/install/robot_driver/lib/robot_driver
[2.070s] Installing odom_publisher script to /home/et2020045/ros2_ws/install/robot_driver/lib/robot_driver
[2.070s] writing list of installed files to '/home/et2020045/ros2_ws/build/robot_driver/install.log'
[2.147s] Invoked command in '/home/et2020045/ros2_ws/src/robot_driver' returned '0': PYTHONPATH=/home/et2020045/ros2_ws/build/robot_driver/prefix_override:/usr/lib/python3/dist-packages/colcon_core/task/python/colcon_distutils_commands:/home/et2020045/ros2_ws/install/robot_driver/lib/python3.12/site-packages:${PYTHONPATH} /usr/bin/python3 -W ignore:setup.py install is deprecated -W ignore:easy_install command is deprecated setup.py egg_info --egg-base ../../build/robot_driver build --build-base /home/et2020045/ros2_ws/build/robot_driver/build install --record /home/et2020045/ros2_ws/build/robot_driver/install.log --single-version-externally-managed install_data
