[  5%] Built target rplidar_client
[  7%] [32mBuilding CXX object CMakeFiles/rplidar_composition.dir/src/rplidar_node.cpp.o[0m
[ 10%] [32mBuilding CXX object CMakeFiles/rplidar_composition.dir/sdk/src/dataunpacker/unpacker/handler_capsules.cpp.o[0m
[ 13%] [32mBuilding CXX object CMakeFiles/rplidar_node.dir/src/rplidar_node.cpp.o[0m
[ 15%] [32mBuilding CXX object CMakeFiles/rplidar_composition.dir/sdk/src/dataunpacker/unpacker/handler_hqnode.cpp.o[0m
[ 18%] [32mBuilding CXX object CMakeFiles/rplidar_composition.dir/sdk/src/dataunpacker/unpacker/handler_normalnode.cpp.o[0m
[ 21%] [32mBuilding CXX object CMakeFiles/rplidar_composition.dir/sdk/src/hal/thread.cpp.o[0m
[ 23%] [32mBuilding CXX object CMakeFiles/rplidar_composition.dir/sdk/src/rplidar_driver.cpp.o[0m
[ 26%] [32mBuilding CXX object CMakeFiles/rplidar_composition.dir/sdk/src/sl_async_transceiver.cpp.o[0m
[ 28%] [32mBuilding CXX object CMakeFiles/rplidar_composition.dir/sdk/src/sl_crc.cpp.o[0m
[ 31%] [32mBuilding CXX object CMakeFiles/rplidar_composition.dir/sdk/src/sl_lidar_driver.cpp.o[0m
[ 34%] [32mBuilding CXX object CMakeFiles/rplidar_composition.dir/sdk/src/sl_lidarprotocol_codec.cpp.o[0m
[ 36%] [32mBuilding CXX object CMakeFiles/rplidar_composition.dir/sdk/src/sl_serial_channel.cpp.o[0m
[ 39%] [32mBuilding CXX object CMakeFiles/rplidar_composition.dir/sdk/src/sl_tcp_channel.cpp.o[0m
[ 42%] [32mBuilding CXX object CMakeFiles/rplidar_composition.dir/sdk/src/sl_udp_channel.cpp.o[0m
[ 44%] [32mBuilding CXX object CMakeFiles/rplidar_node.dir/sdk/src/dataunpacker/unpacker/handler_hqnode.cpp.o[0m
[ 47%] [32mBuilding CXX object CMakeFiles/rplidar_node.dir/sdk/src/dataunpacker/unpacker/handler_normalnode.cpp.o[0m
[ 50%] [32mBuilding CXX object CMakeFiles/rplidar_node.dir/sdk/src/hal/thread.cpp.o[0m
[ 52%] [32mBuilding CXX object CMakeFiles/rplidar_node.dir/sdk/src/rplidar_driver.cpp.o[0m
[ 55%] [32mBuilding CXX object CMakeFiles/rplidar_node.dir/sdk/src/sl_async_transceiver.cpp.o[0m
[ 57%] [32mBuilding CXX object CMakeFiles/rplidar_node.dir/sdk/src/sl_crc.cpp.o[0m
[ 60%] [32mBuilding CXX object CMakeFiles/rplidar_node.dir/sdk/src/sl_lidar_driver.cpp.o[0m
[ 63%] [32mBuilding CXX object CMakeFiles/rplidar_node.dir/sdk/src/sl_lidarprotocol_codec.cpp.o[0m
[ 65%] [32mBuilding CXX object CMakeFiles/rplidar_node.dir/sdk/src/sl_serial_channel.cpp.o[0m
[ 68%] [32mBuilding CXX object CMakeFiles/rplidar_node.dir/sdk/src/sl_tcp_channel.cpp.o[0m
[ 71%] [32mBuilding CXX object CMakeFiles/rplidar_node.dir/sdk/src/sl_udp_channel.cpp.o[0m
[ 73%] [32m[1mLinking CXX executable rplidar_composition[0m
[ 76%] [32m[1mLinking CXX executable rplidar_node[0m
[ 86%] Built target rplidar_composition
[100%] Built target rplidar_node
-- Install configuration: ""
-- Execute custom install script
-- Symlinking: /home/et2020045/ros2_ws/install/rplidar_ros/share/rplidar_ros/launch/rplidar_a1_launch.py
-- Symlinking: /home/et2020045/ros2_ws/install/rplidar_ros/share/rplidar_ros/launch/rplidar_a1_launch.py.save
-- Symlinking: /home/et2020045/ros2_ws/install/rplidar_ros/share/rplidar_ros/launch/rplidar_a2m12_launch.py
-- Symlinking: /home/et2020045/ros2_ws/install/rplidar_ros/share/rplidar_ros/launch/rplidar_a2m7_launch.py
-- Symlinking: /home/et2020045/ros2_ws/install/rplidar_ros/share/rplidar_ros/launch/rplidar_a2m8_launch.py
-- Symlinking: /home/et2020045/ros2_ws/install/rplidar_ros/share/rplidar_ros/launch/rplidar_a3_launch.py
-- Symlinking: /home/et2020045/ros2_ws/install/rplidar_ros/share/rplidar_ros/launch/rplidar_c1_launch.py
-- Symlinking: /home/et2020045/ros2_ws/install/rplidar_ros/share/rplidar_ros/launch/rplidar_s1_launch.py
-- Symlinking: /home/et2020045/ros2_ws/install/rplidar_ros/share/rplidar_ros/launch/rplidar_s1_tcp_launch.py
-- Symlinking: /home/et2020045/ros2_ws/install/rplidar_ros/share/rplidar_ros/launch/rplidar_s2_launch.py
-- Symlinking: /home/et2020045/ros2_ws/install/rplidar_ros/share/rplidar_ros/launch/rplidar_s2e_launch.py
-- Symlinking: /home/et2020045/ros2_ws/install/rplidar_ros/share/rplidar_ros/launch/rplidar_s3_launch.py
-- Symlinking: /home/et2020045/ros2_ws/install/rplidar_ros/share/rplidar_ros/launch/rplidar_t1_launch.py
-- Symlinking: /home/et2020045/ros2_ws/install/rplidar_ros/share/rplidar_ros/launch/view_rplidar_a1_launch.py
-- Symlinking: /home/et2020045/ros2_ws/install/rplidar_ros/share/rplidar_ros/launch/view_rplidar_a2m12_launch.py
-- Symlinking: /home/et2020045/ros2_ws/install/rplidar_ros/share/rplidar_ros/launch/view_rplidar_a2m7_launch.py
-- Symlinking: /home/et2020045/ros2_ws/install/rplidar_ros/share/rplidar_ros/launch/view_rplidar_a2m8_launch.py
-- Symlinking: /home/et2020045/ros2_ws/install/rplidar_ros/share/rplidar_ros/launch/view_rplidar_a3_launch.py
-- Symlinking: /home/et2020045/ros2_ws/install/rplidar_ros/share/rplidar_ros/launch/view_rplidar_c1_launch.py
-- Symlinking: /home/et2020045/ros2_ws/install/rplidar_ros/share/rplidar_ros/launch/view_rplidar_s1_launch.py
-- Symlinking: /home/et2020045/ros2_ws/install/rplidar_ros/share/rplidar_ros/launch/view_rplidar_s1_tcp_launch.py
-- Symlinking: /home/et2020045/ros2_ws/install/rplidar_ros/share/rplidar_ros/launch/view_rplidar_s2_launch.py
-- Symlinking: /home/et2020045/ros2_ws/install/rplidar_ros/share/rplidar_ros/launch/view_rplidar_s2e_launch.py
-- Symlinking: /home/et2020045/ros2_ws/install/rplidar_ros/share/rplidar_ros/launch/view_rplidar_s3_launch.py
-- Symlinking: /home/et2020045/ros2_ws/install/rplidar_ros/share/rplidar_ros/launch/view_rplidar_t1_launch.py
-- Symlinking: /home/et2020045/ros2_ws/install/rplidar_ros/share/rplidar_ros/rviz/rplidar_ros.rviz
-- Symlinking: /home/et2020045/ros2_ws/install/rplidar_ros/lib/rplidar_ros/rplidar_node
-- Symlinking: /home/et2020045/ros2_ws/install/rplidar_ros/lib/rplidar_ros/rplidar_composition
-- Symlinking: /home/et2020045/ros2_ws/install/rplidar_ros/lib/rplidar_ros/rplidar_client
-- Symlinking: /home/et2020045/ros2_ws/install/rplidar_ros/share/ament_index/resource_index/package_run_dependencies/rplidar_ros
-- Symlinking: /home/et2020045/ros2_ws/install/rplidar_ros/share/ament_index/resource_index/parent_prefix_path/rplidar_ros
-- Symlinking: /home/et2020045/ros2_ws/install/rplidar_ros/share/rplidar_ros/environment/ament_prefix_path.sh
-- Symlinking: /home/et2020045/ros2_ws/install/rplidar_ros/share/rplidar_ros/environment/ament_prefix_path.dsv
-- Symlinking: /home/et2020045/ros2_ws/install/rplidar_ros/share/rplidar_ros/environment/path.sh
-- Symlinking: /home/et2020045/ros2_ws/install/rplidar_ros/share/rplidar_ros/environment/path.dsv
-- Symlinking: /home/et2020045/ros2_ws/install/rplidar_ros/share/rplidar_ros/local_setup.bash
-- Symlinking: /home/et2020045/ros2_ws/install/rplidar_ros/share/rplidar_ros/local_setup.sh
-- Symlinking: /home/et2020045/ros2_ws/install/rplidar_ros/share/rplidar_ros/local_setup.zsh
-- Symlinking: /home/et2020045/ros2_ws/install/rplidar_ros/share/rplidar_ros/local_setup.dsv
-- Symlinking: /home/et2020045/ros2_ws/install/rplidar_ros/share/rplidar_ros/package.dsv
-- Symlinking: /home/et2020045/ros2_ws/install/rplidar_ros/share/ament_index/resource_index/packages/rplidar_ros
-- Symlinking: /home/et2020045/ros2_ws/install/rplidar_ros/share/rplidar_ros/cmake/ament_cmake_export_dependencies-extras.cmake
-- Symlinking: /home/et2020045/ros2_ws/install/rplidar_ros/share/rplidar_ros/cmake/ament_cmake_export_include_directories-extras.cmake
-- Symlinking: /home/et2020045/ros2_ws/install/rplidar_ros/share/rplidar_ros/cmake/rplidar_rosConfig.cmake
-- Symlinking: /home/et2020045/ros2_ws/install/rplidar_ros/share/rplidar_ros/cmake/rplidar_rosConfig-version.cmake
-- Symlinking: /home/et2020045/ros2_ws/install/rplidar_ros/share/rplidar_ros/package.xml
